<?xml version="1.0" encoding="UTF-8"?>
<!-- Generated by org.testng.reporters.JUnitXMLReporter -->
<testsuite hostname="DESKTOP-8M0RT8Q" ignored="2" name="Default test" tests="3" failures="0" timestamp="2021-05-22T13:57:35 IST" time="44.43" errors="0">
  <testcase name="test_LoginButton" time="2.367" classname="TestCases.Login"/>
  <testcase name="test_Login2" time="14.338" classname="TestCases.Login"/>
  <testcase name="test_Login2" time="27.313" classname="TestCases.Login"/>
  <testcase name="test_LoginPage1" time="0.0" classname="TestCases.Login">
    <ignored/>
  </testcase> <!-- test_LoginPage1 -->
  <testcase name="test_LoginPage" time="0.0" classname="TestCases.Login">
    <ignored/>
  </testcase> <!-- test_LoginPage -->
</testsuite> <!-- Default test -->
