<?xml version="1.0" encoding="UTF-8"?>
<!-- Generated by org.testng.reporters.JUnitXMLReporter -->
<testsuite hostname="DESKTOP-8M0RT8Q" ignored="2" name="Test1" tests="10" failures="7" timestamp="2021-05-18T13:38:32 IST" time="8.597" errors="0">
  <testcase name="test_LoginButton" time="1.845" classname="TestCases.Login"/>
  <testcase name="test_LoginPage1" time="2.226" classname="TestCases.Login"/>
  <testcase name="test_LoginPage" time="4.336" classname="TestCases.Login"/>
  <testcase name="Home_ForHim" time="0.003" classname="TestCases.Home">
    <failure type="java.lang.NullPointerException">
      <![CDATA[java.lang.NullPointerException
at TestCases.Home.Home_ForHim(Home.java:14)
at java.util.ArrayList.forEach(Unknown Source)
... Removed 27 stack frames]]>
    </failure>
  </testcase> <!-- Home_ForHim -->
  <testcase name="Home_ForHer" time="0.002" classname="TestCases.Home">
    <failure type="java.lang.NullPointerException">
      <![CDATA[java.lang.NullPointerException
at TestCases.Home.Home_ForHer(Home.java:23)
at java.util.ArrayList.forEach(Unknown Source)
... Removed 27 stack frames]]>
    </failure>
  </testcase> <!-- Home_ForHer -->
  <testcase name="Home_ForKids" time="0.005" classname="TestCases.Home">
    <failure type="java.lang.NullPointerException">
      <![CDATA[java.lang.NullPointerException
at TestCases.Home.Home_ForKids(Home.java:32)
at java.util.ArrayList.forEach(Unknown Source)
... Removed 27 stack frames]]>
    </failure>
  </testcase> <!-- Home_ForKids -->
  <testcase name="Home_ForHome" time="0.004" classname="TestCases.Home">
    <failure type="java.lang.NullPointerException">
      <![CDATA[java.lang.NullPointerException
at TestCases.Home.Home_ForHome(Home.java:41)
at java.util.ArrayList.forEach(Unknown Source)
... Removed 27 stack frames]]>
    </failure>
  </testcase> <!-- Home_ForHome -->
  <testcase name="Home_PersonalisedGifts" time="0.003" classname="TestCases.Home">
    <failure type="java.lang.NullPointerException">
      <![CDATA[java.lang.NullPointerException
at TestCases.Home.Home_PersonalisedGifts(Home.java:50)
at java.util.ArrayList.forEach(Unknown Source)
... Removed 27 stack frames]]>
    </failure>
  </testcase> <!-- Home_PersonalisedGifts -->
  <testcase name="Home_contact" time="0.004" classname="TestCases.Home">
    <failure type="java.lang.NullPointerException">
      <![CDATA[java.lang.NullPointerException
at TestCases.Home.Home_contact(Home.java:59)
at java.util.ArrayList.forEach(Unknown Source)
... Removed 27 stack frames]]>
    </failure>
  </testcase> <!-- Home_contact -->
  <testcase name="Hii_admin" time="0.003" classname="TestCases.Home">
    <failure type="java.lang.NullPointerException">
      <![CDATA[java.lang.NullPointerException
at TestCases.Home.Hii_admin(Home.java:68)
at java.util.ArrayList.forEach(Unknown Source)
... Removed 27 stack frames]]>
    </failure>
  </testcase> <!-- Hii_admin -->
  <testcase name="@BeforeSuite beforeSuite" time="0.0" classname="TestCases.LaunchApplicationn">
    <ignored/>
  </testcase> <!-- @BeforeSuite beforeSuite -->
  <testcase name="@AfterSuite afterSuite" time="0.0" classname="TestCases.LaunchApplicationn">
    <ignored/>
  </testcase> <!-- @AfterSuite afterSuite -->
</testsuite> <!-- Test1 -->
