<?xml version="1.0" encoding="UTF-8"?>
<!-- Generated by org.testng.reporters.JUnitXMLReporter -->
<testsuite hostname="DESKTOP-8M0RT8Q" ignored="1" name="Test" tests="2" failures="0" timestamp="2021-05-22T12:31:17 IST" time="7.377" errors="0">
  <testcase name="test_LoginButton" time="2.445" classname="TestCases.Login"/>
  <testcase name="test_LoginPage" time="4.697" classname="TestCases.Login"/>
  <testcase name="test_LoginPage1" time="0.0" classname="TestCases.Login">
    <ignored/>
  </testcase> <!-- test_LoginPage1 -->
</testsuite> <!-- Test -->
