<?xml version="1.0" encoding="UTF-8"?>
<testng-results skipped="0" failed="0" ignored="2" total="5" passed="3">
  <reporter-output>
  </reporter-output>
  <suite name="Default suite" duration-ms="44430" started-at="2021-05-22T13:56:51 IST" finished-at="2021-05-22T13:57:35 IST">
    <groups>
    </groups>
    <test name="Default test" duration-ms="44430" started-at="2021-05-22T13:56:51 IST" finished-at="2021-05-22T13:57:35 IST">
      <class name="TestCases.Login">
        <test-method status="PASS" signature="beforeSuite()[pri:0, instance:TestCases.Login@e67e0a]" name="beforeSuite" is-config="true" duration-ms="10592" started-at="2021-05-22T13:56:40 IST" finished-at="2021-05-22T13:56:51 IST">
          <reporter-output>
          </reporter-output>
        </test-method> <!-- beforeSuite -->
        <test-method status="PASS" signature="test_LoginButton()[pri:1, instance:TestCases.Login@e67e0a]" name="test_LoginButton" duration-ms="2367" started-at="2021-05-22T13:56:51 IST" finished-at="2021-05-22T13:56:53 IST">
          <reporter-output>
          </reporter-output>
        </test-method> <!-- test_LoginButton -->
        <test-method status="PASS" signature="test_Login2(java.lang.String,java.lang.String)[pri:4, instance:TestCases.Login@e67e0a]" name="test_Login2" duration-ms="14338" started-at="2021-05-22T13:56:53 IST" data-provider="LoginTest" finished-at="2021-05-22T13:57:08 IST">
          <params>
            <param index="0">
              <value>
                <![CDATA[user1]]>
              </value>
            </param>
            <param index="1">
              <value>
                <![CDATA[pwd]]>
              </value>
            </param>
          </params>
          <reporter-output>
          </reporter-output>
        </test-method> <!-- test_Login2 -->
        <test-method status="PASS" signature="test_Login2(java.lang.String,java.lang.String)[pri:4, instance:TestCases.Login@e67e0a]" name="test_Login2" duration-ms="27313" started-at="2021-05-22T13:57:08 IST" data-provider="LoginTest" finished-at="2021-05-22T13:57:35 IST">
          <params>
            <param index="0">
              <value>
                <![CDATA[admin]]>
              </value>
            </param>
            <param index="1">
              <value>
                <![CDATA[admin]]>
              </value>
            </param>
          </params>
          <reporter-output>
          </reporter-output>
        </test-method> <!-- test_Login2 -->
        <test-method status="PASS" signature="afterSuite()[pri:0, instance:TestCases.Login@e67e0a]" name="afterSuite" is-config="true" duration-ms="0" started-at="2021-05-22T13:57:35 IST" finished-at="2021-05-22T13:57:35 IST">
          <reporter-output>
          </reporter-output>
        </test-method> <!-- afterSuite -->
      </class> <!-- TestCases.Login -->
    </test> <!-- Default test -->
  </suite> <!-- Default suite -->
</testng-results>
